<?xml version="1.0" encoding="UTF-8"?>
<testsuite xmlns:xsi="http://www.w3.org/2001/XMLSchema-instance" xsi:noNamespaceSchemaLocation="https://maven.apache.org/surefire/maven-surefire-plugin/xsd/surefire-test-report-3.0.xsd" version="3.0" name="ArrayListTest" time="0.15" tests="33" errors="0" skipped="0" failures="0">
  <properties>
    <property name="java.specification.version" value="21"/>
    <property name="sun.cpu.isalist" value="amd64"/>
    <property name="sun.jnu.encoding" value="Cp1251"/>
    <property name="java.class.path" value="C:\Users\Pavel\Desktop\Aston\aston-homework\target\test-classes;C:\Users\Pavel\Desktop\Aston\aston-homework\target\classes;C:\Users\Pavel\.m2\repository\org\junit\jupiter\junit-jupiter\5.10.1\junit-jupiter-5.10.1.jar;C:\Users\Pavel\.m2\repository\org\junit\jupiter\junit-jupiter-api\5.10.1\junit-jupiter-api-5.10.1.jar;C:\Users\Pavel\.m2\repository\org\opentest4j\opentest4j\1.3.0\opentest4j-1.3.0.jar;C:\Users\Pavel\.m2\repository\org\junit\platform\junit-platform-commons\1.10.1\junit-platform-commons-1.10.1.jar;C:\Users\Pavel\.m2\repository\org\apiguardian\apiguardian-api\1.1.2\apiguardian-api-1.1.2.jar;C:\Users\Pavel\.m2\repository\org\junit\jupiter\junit-jupiter-params\5.10.1\junit-jupiter-params-5.10.1.jar;C:\Users\Pavel\.m2\repository\org\junit\jupiter\junit-jupiter-engine\5.10.1\junit-jupiter-engine-5.10.1.jar;C:\Users\Pavel\.m2\repository\org\junit\platform\junit-platform-engine\1.10.1\junit-platform-engine-1.10.1.jar;"/>
    <property name="java.vm.vendor" value="Oracle Corporation"/>
    <property name="sun.arch.data.model" value="64"/>
    <property name="user.variant" value=""/>
    <property name="java.vendor.url" value="https://java.oracle.com/"/>
    <property name="user.timezone" value="Europe/Moscow"/>
    <property name="os.name" value="Windows 10"/>
    <property name="java.vm.specification.version" value="21"/>
    <property name="sun.java.launcher" value="SUN_STANDARD"/>
    <property name="user.country" value="RU"/>
    <property name="sun.boot.library.path" value="C:\Program Files\Java\jdk-21\bin"/>
    <property name="sun.java.command" value="C:\Users\Pavel\AppData\Local\Temp\surefire12345567695173639441\surefirebooter-20240903235659587_3.jar C:\Users\Pavel\AppData\Local\Temp\surefire12345567695173639441 2024-09-03T23-56-59_467-jvmRun1 surefire-20240903235659587_1tmp surefire_0-20240903235659587_2tmp"/>
    <property name="jdk.debug" value="release"/>
    <property name="surefire.test.class.path" value="C:\Users\Pavel\Desktop\Aston\aston-homework\target\test-classes;C:\Users\Pavel\Desktop\Aston\aston-homework\target\classes;C:\Users\Pavel\.m2\repository\org\junit\jupiter\junit-jupiter\5.10.1\junit-jupiter-5.10.1.jar;C:\Users\Pavel\.m2\repository\org\junit\jupiter\junit-jupiter-api\5.10.1\junit-jupiter-api-5.10.1.jar;C:\Users\Pavel\.m2\repository\org\opentest4j\opentest4j\1.3.0\opentest4j-1.3.0.jar;C:\Users\Pavel\.m2\repository\org\junit\platform\junit-platform-commons\1.10.1\junit-platform-commons-1.10.1.jar;C:\Users\Pavel\.m2\repository\org\apiguardian\apiguardian-api\1.1.2\apiguardian-api-1.1.2.jar;C:\Users\Pavel\.m2\repository\org\junit\jupiter\junit-jupiter-params\5.10.1\junit-jupiter-params-5.10.1.jar;C:\Users\Pavel\.m2\repository\org\junit\jupiter\junit-jupiter-engine\5.10.1\junit-jupiter-engine-5.10.1.jar;C:\Users\Pavel\.m2\repository\org\junit\platform\junit-platform-engine\1.10.1\junit-platform-engine-1.10.1.jar;"/>
    <property name="sun.cpu.endian" value="little"/>
    <property name="user.home" value="C:\Users\Pavel"/>
    <property name="user.language" value="ru"/>
    <property name="java.specification.vendor" value="Oracle Corporation"/>
    <property name="java.version.date" value="2023-10-17"/>
    <property name="java.home" value="C:\Program Files\Java\jdk-21"/>
    <property name="file.separator" value="\"/>
    <property name="basedir" value="C:\Users\Pavel\Desktop\Aston\aston-homework"/>
    <property name="java.vm.compressedOopsMode" value="Zero based"/>
    <property name="line.separator" value="&#10;"/>
    <property name="java.vm.specification.vendor" value="Oracle Corporation"/>
    <property name="java.specification.name" value="Java Platform API Specification"/>
    <property name="surefire.real.class.path" value="C:\Users\Pavel\AppData\Local\Temp\surefire12345567695173639441\surefirebooter-20240903235659587_3.jar"/>
    <property name="user.script" value=""/>
    <property name="sun.management.compiler" value="HotSpot 64-Bit Tiered Compilers"/>
    <property name="java.runtime.version" value="21.0.1+12-LTS-29"/>
    <property name="user.name" value="Pavel"/>
    <property name="stdout.encoding" value="Cp1251"/>
    <property name="path.separator" value=";"/>
    <property name="os.version" value="10.0"/>
    <property name="java.runtime.name" value="Java(TM) SE Runtime Environment"/>
    <property name="file.encoding" value="UTF-8"/>
    <property name="java.vm.name" value="Java HotSpot(TM) 64-Bit Server VM"/>
    <property name="localRepository" value="C:\Users\Pavel\.m2\repository"/>
    <property name="java.vendor.url.bug" value="https://bugreport.java.com/bugreport/"/>
    <property name="java.io.tmpdir" value="C:\Users\Pavel\AppData\Local\Temp\"/>
    <property name="java.version" value="21.0.1"/>
    <property name="user.dir" value="C:\Users\Pavel\Desktop\Aston\aston-homework"/>
    <property name="os.arch" value="amd64"/>
    <property name="java.vm.specification.name" value="Java Virtual Machine Specification"/>
    <property name="sun.os.patch.level" value=""/>
    <property name="native.encoding" value="Cp1251"/>
    <property name="java.library.path" value="C:\Program Files\Java\jdk-21\bin;C:\Windows\Sun\Java\bin;C:\Windows\system32;C:\Windows;C:\Program Files\Common Files\Oracle\Java\javapath;C:\Program Files (x86)\Common Files\Oracle\Java\java8path;C:\Program Files (x86)\Common Files\Oracle\Java\javapath;C:\Windows\system32;C:\Windows;C:\Windows\System32\Wbem;C:\Windows\System32\WindowsPowerShell\v1.0\;C:\Windows\System32\OpenSSH\;C:\Program Files (x86)\NVIDIA Corporation\PhysX\Common;C:\Program Files\Microsoft SQL Server\130\Tools\Binn\;C:\Program Files\dotnet\;C:\Program Files\NVIDIA Corporation\NVIDIA NvDLISR;C:\Program Files (x86)\dotnet\;C:\Program Files\apache-maven-3.9.6\bin;C:\Program Files\Java\jdk-21\bin;C:\Program Files\Intel\WiFi\bin\;C:\Program Files\Common Files\Intel\WirelessCommon\;C:\Program Files\Docker\Docker\resources\bin;C:\Program Files\Git\cmd;C:\Users\Pavel\AppData\Local\Microsoft\WindowsApps;C:\Program Files\JetBrains\IntelliJ IDEA Community Edition 2020.3.2\bin;C:\Users\Pavel\AppData\Local\GitHubDesktop\bin;C:\Users\Pavel\AppData\Local\JetBrains\Toolbox\scripts;."/>
    <property name="java.vm.info" value="mixed mode, sharing"/>
    <property name="stderr.encoding" value="Cp1251"/>
    <property name="java.vendor" value="Oracle Corporation"/>
    <property name="java.vm.version" value="21.0.1+12-LTS-29"/>
    <property name="sun.io.unicode.encoding" value="UnicodeLittle"/>
    <property name="java.class.version" value="65.0"/>
  </properties>
  <testcase name="testContainsIsTrue" classname="ArrayListTest" time="0.048"/>
  <testcase name="testGetIndexExist" classname="ArrayListTest" time="0.001"/>
  <testcase name="TestConstructorWithoutParameter" classname="ArrayListTest" time="0.004"/>
  <testcase name="testAddNull" classname="ArrayListTest" time="0.003"/>
  <testcase name="testAdd" classname="ArrayListTest" time="0.002"/>
  <testcase name="testGet" classname="ArrayListTest" time="0.002"/>
  <testcase name="testClear" classname="ArrayListTest" time="0.001"/>
  <testcase name="testGetIndexElementIsNull" classname="ArrayListTest" time="0.002"/>
  <testcase name="testAddWithIndexLength" classname="ArrayListTest" time="0.001"/>
  <testcase name="testContainsNull" classname="ArrayListTest" time="0.001"/>
  <testcase name="testAddWithIndexZero" classname="ArrayListTest" time="0.001"/>
  <testcase name="testSetWithIndexIsGreaterLength" classname="ArrayListTest" time="0.005"/>
  <testcase name="testListIterator" classname="ArrayListTest" time="0.003"/>
  <testcase name="testRemoveByIndex" classname="ArrayListTest" time="0.001"/>
  <testcase name="testGetWithIndexIsEqualsLength" classname="ArrayListTest" time="0.001"/>
  <testcase name="testSetElementToNull" classname="ArrayListTest" time="0.001"/>
  <testcase name="testConstructorWithNegativeInitialCapacity" classname="ArrayListTest" time="0.001"/>
  <testcase name="testGetWithIndexIsNegative" classname="ArrayListTest" time="0.001"/>
  <testcase name="testSetMidElement" classname="ArrayListTest" time="0.002"/>
  <testcase name="testGetIndexNotExist" classname="ArrayListTest" time="0.001"/>
  <testcase name="testAddWithIndexMid" classname="ArrayListTest" time="0.0"/>
  <testcase name="testGetWithIndexIsGreaterLength" classname="ArrayListTest" time="0.001"/>
  <testcase name="testRemoveNull" classname="ArrayListTest" time="0.002"/>
  <testcase name="testSetFirstElement" classname="ArrayListTest" time="0.001"/>
  <testcase name="testSetLastElement" classname="ArrayListTest" time="0.001"/>
  <testcase name="testSetWithIndexIsNegative" classname="ArrayListTest" time="0.002"/>
  <testcase name="testAddWithIndexIsNegative" classname="ArrayListTest" time="0.003"/>
  <testcase name="testConstructorWithArray" classname="ArrayListTest" time="0.001"/>
  <testcase name="testRemoveByElement" classname="ArrayListTest" time="0.0"/>
  <testcase name="testConstructorWithInitialCapacity" classname="ArrayListTest" time="0.001"/>
  <testcase name="testConstructorWithArrayList" classname="ArrayListTest" time="0.001"/>
  <testcase name="testAddWithIndexIsGreaterLength" classname="ArrayListTest" time="0.001"/>
  <testcase name="testContainsIsFalse" classname="ArrayListTest" time="0.001"/>
</testsuite>